TN:
SF:src\app\hooks\useAutoSave.ts
FN:18,useAutoSave
FN:24,(anonymous_1)
FN:43,(anonymous_2)
FN:47,(anonymous_3)
FNF:4
FNH:0
FNDA:0,useAutoSave
FNDA:0,(anonymous_1)
FNDA:0,(anonymous_2)
FNDA:0,(anonymous_3)
DA:19,0
DA:20,0
DA:21,0
DA:22,0
DA:24,0
DA:25,0
DA:26,0
DA:27,0
DA:28,0
DA:29,0
DA:34,0
DA:35,0
DA:36,0
DA:38,0
DA:43,0
DA:44,0
DA:45,0
DA:46,0
DA:47,0
DA:50,0
LF:20
LH:0
BRDA:18,0,0,0
BRDA:25,1,0,0
BRDA:25,1,1,0
BRDA:34,2,0,0
BRDA:34,2,1,0
BRDA:44,3,0,0
BRDA:44,3,1,0
BRF:7
BRH:0
end_of_record
TN:
SF:src\app\hooks\useLocalStorage.ts
FN:12,useLocalStorage
FN:16,(anonymous_1)
FN:26,(anonymous_2)
FN:45,(anonymous_3)
FNF:4
FNH:4
FNDA:18,useLocalStorage
FNDA:11,(anonymous_1)
FNDA:17,(anonymous_2)
FNDA:6,(anonymous_3)
DA:16,18
DA:17,11
DA:18,11
DA:19,11
DA:21,1
DA:26,18
DA:27,17
DA:28,17
DA:32,0
DA:34,0
DA:44,18
DA:46,6
DA:51,18
LF:13
LH:11
BRDA:19,0,0,2
BRDA:19,0,1,9
BRDA:32,1,0,0
BRDA:32,1,1,0
BRDA:32,1,2,0
BRDA:35,2,0,0
BRDA:35,2,1,0
BRF:7
BRH:2
end_of_record
TN:
SF:src\app\hooks\usePersistToDisk.ts
FN:19,usePersistToDisk
FN:25,persist
FN:33,(anonymous_2)
FNF:3
FNH:0
FNDA:0,usePersistToDisk
FNDA:0,persist
FNDA:0,(anonymous_2)
DA:27,0
DA:29,0
DA:38,0
LF:3
LH:0
BRDA:27,0,0,0
BRDA:27,0,1,0
BRF:2
BRH:0
end_of_record
TN:
SF:src\app\utils\autolinkStories.ts
FN:15,keywords
FN:21,(anonymous_1)
FN:42,scoreStoryForStep
FN:55,(anonymous_3)
FN:76,(anonymous_4)
FN:101,computeAutoLinks
FN:121,(anonymous_6)
FN:122,(anonymous_7)
FN:123,(anonymous_8)
FN:124,(anonymous_9)
FN:128,(anonymous_10)
FN:140,previewAutoLinks
FN:155,(anonymous_12)
FN:156,(anonymous_13)
FN:157,(anonymous_14)
FN:158,(anonymous_15)
FNF:16
FNH:16
FNDA:28,keywords
FNDA:156,(anonymous_1)
FNDA:14,scoreStoryForStep
FNDA:51,(anonymous_3)
FNDA:1,(anonymous_4)
FNDA:11,computeAutoLinks
FNDA:11,(anonymous_6)
FNDA:10,(anonymous_7)
FNDA:10,(anonymous_8)
FNDA:2,(anonymous_9)
FNDA:8,(anonymous_10)
FNDA:5,previewAutoLinks
FNDA:4,(anonymous_12)
FNDA:4,(anonymous_13)
FNDA:4,(anonymous_14)
FNDA:1,(anonymous_15)
DA:6,1
DA:16,28
DA:21,156
DA:43,14
DA:44,14
DA:47,14
DA:48,9
DA:49,9
DA:53,14
DA:54,14
DA:55,51
DA:56,14
DA:58,10
DA:59,10
DA:60,10
DA:65,14
DA:73,14
DA:74,14
DA:75,1
DA:76,1
DA:77,1
DA:78,1
DA:79,1
DA:83,14
DA:110,11
DA:112,11
DA:114,11
DA:115,11
DA:116,11
DA:117,11
DA:119,10
DA:120,11
DA:121,11
DA:122,10
DA:123,10
DA:124,2
DA:127,11
DA:128,8
DA:134,11
DA:145,5
DA:146,5
DA:148,5
DA:149,4
DA:150,4
DA:151,4
DA:153,3
DA:154,4
DA:155,4
DA:156,4
DA:157,4
DA:158,1
DA:161,4
DA:162,3
DA:168,5
LF:54
LH:54
BRDA:21,0,0,156
BRDA:21,0,1,145
BRDA:47,1,0,9
BRDA:47,1,1,5
BRDA:47,2,0,14
BRDA:47,2,1,10
BRDA:53,3,0,14
BRDA:53,3,1,2
BRDA:54,4,0,14
BRDA:54,4,1,0
BRDA:56,5,0,10
BRDA:56,5,1,4
BRDA:74,6,0,14
BRDA:74,6,1,13
BRDA:75,7,0,1
BRDA:75,7,1,0
BRDA:76,8,0,1
BRDA:76,8,1,0
BRDA:104,9,0,11
BRDA:107,10,0,11
BRDA:108,11,0,11
BRDA:109,12,0,11
BRDA:117,13,0,1
BRDA:117,13,1,10
BRDA:117,14,0,11
BRDA:117,14,1,1
BRDA:117,15,0,1
BRDA:117,15,1,0
BRDA:119,16,0,10
BRDA:119,16,1,0
BRDA:127,17,0,7
BRDA:127,17,1,4
BRDA:143,18,0,5
BRDA:145,19,0,5
BRDA:145,20,0,5
BRDA:145,21,0,5
BRDA:151,22,0,1
BRDA:151,22,1,3
BRDA:151,23,0,4
BRDA:151,23,1,1
BRDA:151,24,0,1
BRDA:151,24,1,0
BRDA:153,25,0,3
BRDA:153,25,1,0
BRDA:161,26,0,3
BRDA:161,26,1,1
BRF:46
BRH:39
end_of_record
TN:
SF:src\app\utils\excelExport.ts
FN:13,exportToExcel
FN:19,(anonymous_1)
FN:27,(anonymous_2)
FN:57,(anonymous_3)
FN:59,(anonymous_4)
FN:82,(anonymous_5)
FN:83,(anonymous_6)
FN:84,(anonymous_7)
FN:85,(anonymous_8)
FN:113,(anonymous_9)
FN:114,(anonymous_10)
FN:136,(anonymous_11)
FN:163,(anonymous_12)
FN:164,(anonymous_13)
FN:201,(anonymous_14)
FN:206,(anonymous_15)
FN:214,(anonymous_16)
FN:220,(anonymous_17)
FN:223,(anonymous_18)
FN:237,(anonymous_19)
FN:239,(anonymous_20)
FN:240,(anonymous_21)
FN:245,(anonymous_22)
FN:245,(anonymous_23)
FN:246,(anonymous_24)
FN:246,(anonymous_25)
FNF:26
FNH:0
FNDA:0,exportToExcel
FNDA:0,(anonymous_1)
FNDA:0,(anonymous_2)
FNDA:0,(anonymous_3)
FNDA:0,(anonymous_4)
FNDA:0,(anonymous_5)
FNDA:0,(anonymous_6)
FNDA:0,(anonymous_7)
FNDA:0,(anonymous_8)
FNDA:0,(anonymous_9)
FNDA:0,(anonymous_10)
FNDA:0,(anonymous_11)
FNDA:0,(anonymous_12)
FNDA:0,(anonymous_13)
FNDA:0,(anonymous_14)
FNDA:0,(anonymous_15)
FNDA:0,(anonymous_16)
FNDA:0,(anonymous_17)
FNDA:0,(anonymous_18)
FNDA:0,(anonymous_19)
FNDA:0,(anonymous_20)
FNDA:0,(anonymous_21)
FNDA:0,(anonymous_22)
FNDA:0,(anonymous_23)
FNDA:0,(anonymous_24)
FNDA:0,(anonymous_25)
DA:14,0
DA:16,0
DA:19,0
DA:20,0
DA:21,0
DA:22,0
DA:23,0
DA:27,0
DA:39,0
DA:56,0
DA:57,0
DA:58,0
DA:59,0
DA:60,0
DA:69,0
DA:81,0
DA:82,0
DA:83,0
DA:84,0
DA:85,0
DA:86,0
DA:87,0
DA:99,0
DA:112,0
DA:113,0
DA:114,0
DA:115,0
DA:124,0
DA:136,0
DA:147,0
DA:163,0
DA:164,0
DA:165,0
DA:181,0
DA:201,0
DA:202,0
DA:203,0
DA:206,0
DA:207,0
DA:208,0
DA:211,0
DA:214,0
DA:220,0
DA:223,0
DA:226,0
DA:236,0
DA:237,0
DA:238,0
DA:239,0
DA:240,0
DA:241,0
DA:245,0
DA:246,0
DA:248,0
DA:259,0
DA:274,0
DA:275,0
DA:276,0
DA:277,0
LF:59
LH:0
BRDA:22,0,0,0
BRDA:22,0,1,0
BRDA:22,1,0,0
BRDA:22,1,1,0
BRDA:32,2,0,0
BRDA:32,2,1,0
BRDA:33,3,0,0
BRDA:33,3,1,0
BRDA:34,4,0,0
BRDA:34,4,1,0
BRDA:36,5,0,0
BRDA:36,5,1,0
BRDA:58,6,0,0
BRDA:58,6,1,0
BRDA:64,7,0,0
BRDA:64,7,1,0
BRDA:86,8,0,0
BRDA:86,8,1,0
BRDA:143,9,0,0
BRDA:143,9,1,0
BRDA:168,10,0,0
BRDA:168,10,1,0
BRDA:171,11,0,0
BRDA:171,11,1,0
BRDA:174,12,0,0
BRDA:174,12,1,0
BRDA:175,13,0,0
BRDA:175,13,1,0
BRDA:176,14,0,0
BRDA:176,14,1,0
BRDA:202,15,0,0
BRDA:202,15,1,0
BRDA:207,16,0,0
BRDA:207,16,1,0
BRDA:241,17,0,0
BRDA:241,17,1,0
BRF:36
BRH:0
end_of_record
TN:
SF:src\app\utils\gapAnalysis.ts
FN:18,analyzeGaps
FN:24,(anonymous_1)
FN:25,(anonymous_2)
FN:26,(anonymous_3)
FN:34,(anonymous_4)
FN:39,(anonymous_5)
FN:40,(anonymous_6)
FN:49,(anonymous_7)
FN:56,(anonymous_8)
FN:71,(anonymous_9)
FN:97,(anonymous_10)
FN:117,(anonymous_11)
FN:135,(anonymous_12)
FN:154,getGapSeverityColor
FN:167,getGapTypeLabel
FNF:15
FNH:15
FNDA:16,analyzeGaps
FNDA:10,(anonymous_1)
FNDA:16,(anonymous_2)
FNDA:8,(anonymous_3)
FNDA:14,(anonymous_4)
FNDA:10,(anonymous_5)
FNDA:16,(anonymous_6)
FNDA:10,(anonymous_7)
FNDA:16,(anonymous_8)
FNDA:14,(anonymous_9)
FNDA:10,(anonymous_10)
FNDA:9,(anonymous_11)
FNDA:6,(anonymous_12)
FNDA:4,getGapSeverityColor
FNDA:3,getGapTypeLabel
DA:23,16
DA:24,16
DA:25,10
DA:26,16
DA:27,8
DA:33,16
DA:34,14
DA:38,16
DA:39,16
DA:40,10
DA:41,16
DA:42,9
DA:48,16
DA:49,16
DA:50,10
DA:51,1
DA:52,1
DA:55,9
DA:56,16
DA:58,9
DA:60,9
DA:61,5
DA:66,16
DA:71,16
DA:72,14
DA:73,14
DA:74,9
DA:77,14
DA:78,14
DA:80,14
DA:81,4
DA:83,10
DA:89,16
DA:94,16
DA:97,16
DA:98,10
DA:100,10
DA:101,6
DA:102,4
DA:103,1
DA:104,3
DA:105,2
DA:108,10
DA:117,16
DA:118,9
DA:120,9
DA:121,1
DA:122,8
DA:123,1
DA:126,9
DA:135,16
DA:136,6
DA:144,16
DA:155,4
DA:157,1
DA:159,1
DA:161,1
DA:163,1
DA:170,3
DA:172,1
DA:174,1
DA:176,1
LF:62
LH:62
BRDA:41,0,0,9
BRDA:41,0,1,7
BRDA:50,1,0,1
BRDA:50,1,1,9
BRDA:60,2,0,5
BRDA:60,2,1,4
BRDA:72,3,0,14
BRDA:72,3,1,0
BRDA:73,4,0,9
BRDA:73,4,1,5
BRDA:80,5,0,4
BRDA:80,5,1,10
BRDA:89,6,0,8
BRDA:89,6,1,8
BRDA:100,7,0,6
BRDA:100,7,1,4
BRDA:102,8,0,1
BRDA:102,8,1,3
BRDA:104,9,0,2
BRDA:104,9,1,1
BRDA:120,10,0,1
BRDA:120,10,1,8
BRDA:122,11,0,1
BRDA:122,11,1,7
BRDA:138,12,0,5
BRDA:138,12,1,1
BRDA:155,13,0,1
BRDA:155,13,1,1
BRDA:155,13,2,1
BRDA:155,13,3,1
BRDA:170,14,0,1
BRDA:170,14,1,1
BRDA:170,14,2,1
BRF:33
BRH:32
end_of_record
TN:
SF:src\app\utils\logger.ts
FN:27,resolveLevel
FN:37,prefix
FN:42,createLogger
FN:44,(anonymous_3)
FN:49,(anonymous_4)
FN:54,(anonymous_5)
FN:60,(anonymous_6)
FNF:7
FNH:0
FNDA:0,resolveLevel
FNDA:0,prefix
FNDA:0,createLogger
FNDA:0,(anonymous_3)
FNDA:0,(anonymous_4)
FNDA:0,(anonymous_5)
FNDA:0,(anonymous_6)
DA:20,0
DA:29,0
DA:30,0
DA:31,0
DA:33,0
DA:34,0
DA:38,0
DA:39,0
DA:43,0
DA:45,0
DA:46,0
DA:50,0
DA:51,0
DA:55,0
DA:56,0
DA:61,0
DA:66,0
LF:17
LH:0
BRDA:29,0,0,0
BRDA:29,0,1,0
BRDA:31,1,0,0
BRDA:31,1,1,0
BRDA:31,2,0,0
BRDA:31,2,1,0
BRDA:34,3,0,0
BRDA:34,3,1,0
BRDA:34,4,0,0
BRDA:34,4,1,0
BRDA:45,5,0,0
BRDA:45,5,1,0
BRDA:50,6,0,0
BRDA:50,6,1,0
BRDA:55,7,0,0
BRDA:55,7,1,0
BRF:16
BRH:0
end_of_record
TN:
SF:src\app\utils\storymapGenerator.ts
FN:4,generateStoryMapFromEpicsAndStories
FN:5,(anonymous_1)
FN:20,(anonymous_2)
FN:22,(anonymous_3)
FN:40,(anonymous_4)
FN:40,(anonymous_5)
FN:41,(anonymous_6)
FNF:7
FNH:6
FNDA:13,generateStoryMapFromEpicsAndStories
FNDA:12,(anonymous_1)
FNDA:12,(anonymous_2)
FNDA:12,(anonymous_3)
FNDA:12,(anonymous_4)
FNDA:5,(anonymous_5)
FNDA:0,(anonymous_6)
DA:5,13
DA:13,13
DA:20,13
DA:22,13
DA:23,12
DA:32,12
DA:33,8
DA:35,4
DA:40,13
DA:41,13
DA:43,13
DA:51,13
LF:12
LH:12
BRDA:4,0,0,13
BRDA:4,1,0,13
BRDA:4,2,0,13
BRDA:15,3,0,13
BRDA:15,3,1,12
BRDA:29,4,0,3
BRDA:29,4,1,9
BRDA:32,5,0,8
BRDA:32,5,1,4
BRDA:32,6,0,12
BRDA:32,6,1,11
BRDA:40,7,0,5
BRDA:40,7,1,1
BRDA:40,8,0,5
BRDA:40,8,1,1
BRDA:41,9,0,4
BRDA:41,9,1,9
BRDA:41,10,0,0
BRDA:41,10,1,0
BRDA:41,11,0,0
BRDA:41,11,1,0
BRDA:47,12,0,4
BRDA:47,12,1,9
BRF:23
BRH:19
end_of_record
TN:
SF:src\app\utils\vendorCsvParser.ts
FN:22,validateCSV
FN:26,(anonymous_1)
FN:63,(anonymous_2)
FN:105,parseCriteriaFromCSVContent
FN:106,(anonymous_4)
FN:117,(anonymous_5)
FN:153,parseCriteriaFromCSV
FN:164,exportCriteriaToCSV
FN:167,(anonymous_8)
FN:168,(anonymous_9)
FN:183,getDefaultWeights
FN:190,(anonymous_11)
FN:194,(anonymous_12)
FN:195,(anonymous_13)
FNF:14
FNH:13
FNDA:11,validateCSV
FNDA:34,(anonymous_1)
FNDA:12,(anonymous_2)
FNDA:9,parseCriteriaFromCSVContent
FNDA:30,(anonymous_4)
FNDA:14,(anonymous_5)
FNDA:0,parseCriteriaFromCSV
FNDA:4,exportCriteriaToCSV
FNDA:5,(anonymous_8)
FNDA:7,(anonymous_9)
FNDA:6,getDefaultWeights
FNDA:2,(anonymous_11)
FNDA:8,(anonymous_12)
FNDA:12,(anonymous_13)
DA:23,11
DA:24,11
DA:26,34
DA:28,11
DA:29,2
DA:30,2
DA:34,9
DA:35,9
DA:37,11
DA:38,11
DA:39,1
DA:44,1
DA:47,8
DA:48,1
DA:50,8
DA:51,1
DA:54,8
DA:55,8
DA:56,1
DA:57,1
DA:60,7
DA:61,7
DA:63,7
DA:64,12
DA:65,12
DA:66,0
DA:67,0
DA:70,12
DA:71,12
DA:72,12
DA:73,3
DA:74,9
DA:75,6
DA:77,3
DA:80,12
DA:81,1
DA:85,7
DA:86,1
DA:88,7
DA:89,2
DA:94,7
DA:106,30
DA:107,9
DA:110,9
DA:113,9
DA:115,9
DA:117,9
DA:118,14
DA:119,14
DA:121,14
DA:122,14
DA:123,14
DA:124,14
DA:126,14
DA:128,12
DA:129,10
DA:136,12
DA:137,12
DA:139,12
DA:147,9
DA:154,0
DA:165,4
DA:167,4
DA:168,5
DA:169,7
DA:173,4
DA:187,6
DA:189,6
DA:190,1
DA:191,2
DA:194,5
DA:195,8
DA:196,12
DA:201,6
LF:74
LH:71
BRDA:28,0,0,2
BRDA:28,0,1,9
BRDA:35,1,0,7
BRDA:35,1,1,2
BRDA:38,2,0,1
BRDA:38,2,1,10
BRDA:47,3,0,1
BRDA:47,3,1,7
BRDA:50,4,0,1
BRDA:50,4,1,7
BRDA:50,5,0,8
BRDA:50,5,1,1
BRDA:55,6,0,1
BRDA:55,6,1,7
BRDA:65,7,0,0
BRDA:65,7,1,12
BRDA:70,8,0,12
BRDA:70,8,1,0
BRDA:72,9,0,3
BRDA:72,9,1,9
BRDA:74,10,0,6
BRDA:74,10,1,3
BRDA:80,11,0,1
BRDA:80,11,1,11
BRDA:80,12,0,12
BRDA:80,12,1,0
BRDA:85,13,0,1
BRDA:85,13,1,6
BRDA:88,14,0,2
BRDA:88,14,1,5
BRDA:110,15,0,7
BRDA:110,15,1,2
BRDA:119,16,0,0
BRDA:119,16,1,14
BRDA:121,17,0,14
BRDA:121,17,1,0
BRDA:123,18,0,7
BRDA:123,18,1,7
BRDA:124,19,0,14
BRDA:124,19,1,0
BRDA:126,20,0,2
BRDA:126,20,1,12
BRDA:126,21,0,14
BRDA:126,21,1,13
BRDA:128,22,0,10
BRDA:128,22,1,2
BRDA:185,23,0,6
BRDA:189,24,0,1
BRDA:189,24,1,5
BRF:49
BRH:43
end_of_record
TN:
SF:src\app\utils\__tests__\storymap.test.cjs
FN:10,generateStoryMap
FN:11,(anonymous_1)
FN:14,(anonymous_2)
FN:17,(anonymous_3)
FN:23,(anonymous_4)
FN:23,(anonymous_5)
FN:39,(anonymous_6)
FN:51,(anonymous_7)
FN:56,(anonymous_8)
FN:58,(anonymous_9)
FN:62,(anonymous_10)
FN:64,(anonymous_11)
FN:65,(anonymous_12)
FN:68,(anonymous_13)
FN:70,(anonymous_14)
FN:72,(anonymous_15)
FN:75,(anonymous_16)
FN:76,(anonymous_17)
FN:78,(anonymous_18)
FN:81,(anonymous_19)
FN:86,(anonymous_20)
FN:88,(anonymous_21)
FN:94,(anonymous_22)
FN:96,(anonymous_23)
FN:100,(anonymous_24)
FN:101,(anonymous_25)
FN:107,(anonymous_26)
FN:108,(anonymous_27)
FN:112,(anonymous_28)
FN:113,(anonymous_29)
FN:118,(anonymous_30)
FN:119,(anonymous_31)
FN:120,(anonymous_32)
FN:127,(anonymous_33)
FN:128,(anonymous_34)
FN:128,(anonymous_35)
FN:132,(anonymous_36)
FN:133,(anonymous_37)
FN:134,(anonymous_38)
FN:140,(anonymous_39)
FN:141,(anonymous_40)
FN:142,(anonymous_41)
FN:143,(anonymous_42)
FN:151,(anonymous_43)
FN:152,(anonymous_44)
FN:152,(anonymous_45)
FN:152,(anonymous_46)
FN:156,(anonymous_47)
FN:157,(anonymous_48)
FN:158,(anonymous_49)
FN:159,(anonymous_50)
FN:166,(anonymous_51)
FN:168,(anonymous_52)
FN:169,(anonymous_53)
FN:170,(anonymous_54)
FN:171,(anonymous_55)
FN:181,(anonymous_56)
FN:183,(anonymous_57)
FN:188,(anonymous_58)
FN:189,(anonymous_59)
FNF:60
FNH:0
FNDA:0,generateStoryMap
FNDA:0,(anonymous_1)
FNDA:0,(anonymous_2)
FNDA:0,(anonymous_3)
FNDA:0,(anonymous_4)
FNDA:0,(anonymous_5)
FNDA:0,(anonymous_6)
FNDA:0,(anonymous_7)
FNDA:0,(anonymous_8)
FNDA:0,(anonymous_9)
FNDA:0,(anonymous_10)
FNDA:0,(anonymous_11)
FNDA:0,(anonymous_12)
FNDA:0,(anonymous_13)
FNDA:0,(anonymous_14)
FNDA:0,(anonymous_15)
FNDA:0,(anonymous_16)
FNDA:0,(anonymous_17)
FNDA:0,(anonymous_18)
FNDA:0,(anonymous_19)
FNDA:0,(anonymous_20)
FNDA:0,(anonymous_21)
FNDA:0,(anonymous_22)
FNDA:0,(anonymous_23)
FNDA:0,(anonymous_24)
FNDA:0,(anonymous_25)
FNDA:0,(anonymous_26)
FNDA:0,(anonymous_27)
FNDA:0,(anonymous_28)
FNDA:0,(anonymous_29)
FNDA:0,(anonymous_30)
FNDA:0,(anonymous_31)
FNDA:0,(anonymous_32)
FNDA:0,(anonymous_33)
FNDA:0,(anonymous_34)
FNDA:0,(anonymous_35)
FNDA:0,(anonymous_36)
FNDA:0,(anonymous_37)
FNDA:0,(anonymous_38)
FNDA:0,(anonymous_39)
FNDA:0,(anonymous_40)
FNDA:0,(anonymous_41)
FNDA:0,(anonymous_42)
FNDA:0,(anonymous_43)
FNDA:0,(anonymous_44)
FNDA:0,(anonymous_45)
FNDA:0,(anonymous_46)
FNDA:0,(anonymous_47)
FNDA:0,(anonymous_48)
FNDA:0,(anonymous_49)
FNDA:0,(anonymous_50)
FNDA:0,(anonymous_51)
FNDA:0,(anonymous_52)
FNDA:0,(anonymous_53)
FNDA:0,(anonymous_54)
FNDA:0,(anonymous_55)
FNDA:0,(anonymous_56)
FNDA:0,(anonymous_57)
FNDA:0,(anonymous_58)
FNDA:0,(anonymous_59)
DA:11,0
DA:14,0
DA:15,0
DA:17,0
DA:18,0
DA:19,0
DA:20,0
DA:23,0
DA:25,0
DA:29,0
DA:30,0
DA:31,0
DA:32,0
DA:36,0
DA:39,0
DA:40,0
DA:44,0
DA:51,0
DA:52,0
DA:53,0
DA:56,0
DA:57,0
DA:58,0
DA:59,0
DA:62,0
DA:63,0
DA:64,0
DA:65,0
DA:68,0
DA:69,0
DA:70,0
DA:71,0
DA:72,0
DA:75,0
DA:76,0
DA:77,0
DA:78,0
DA:81,0
DA:82,0
DA:83,0
DA:86,0
DA:87,0
DA:88,0
DA:89,0
DA:94,0
DA:96,0
DA:97,0
DA:100,0
DA:101,0
DA:102,0
DA:103,0
DA:107,0
DA:108,0
DA:109,0
DA:112,0
DA:113,0
DA:114,0
DA:118,0
DA:119,0
DA:120,0
DA:121,0
DA:122,0
DA:127,0
DA:128,0
DA:129,0
DA:132,0
DA:133,0
DA:134,0
DA:135,0
DA:140,0
DA:141,0
DA:142,0
DA:143,0
DA:144,0
DA:145,0
DA:151,0
DA:152,0
DA:153,0
DA:156,0
DA:157,0
DA:158,0
DA:159,0
DA:160,0
DA:166,0
DA:167,0
DA:168,0
DA:169,0
DA:170,0
DA:171,0
DA:172,0
DA:173,0
DA:174,0
DA:181,0
DA:182,0
DA:183,0
DA:184,0
DA:188,0
DA:189,0
DA:190,0
DA:191,0
DA:192,0
DA:193,0
DA:194,0
LF:103
LH:0
BRDA:10,0,0,0
BRDA:10,1,0,0
BRDA:10,2,0,0
BRDA:12,3,0,0
BRDA:12,3,1,0
BRDA:15,4,0,0
BRDA:15,4,1,0
BRDA:18,5,0,0
BRDA:18,5,1,0
BRDA:19,6,0,0
BRDA:19,6,1,0
BRDA:19,7,0,0
BRDA:19,7,1,0
BRDA:23,8,0,0
BRDA:23,8,1,0
BRDA:23,9,0,0
BRDA:23,9,1,0
BRDA:25,10,0,0
BRDA:25,10,1,0
BRDA:160,11,0,0
BRDA:160,11,1,0
BRDA:171,12,0,0
BRDA:171,12,1,0
BRDA:184,13,0,0
BRDA:184,13,1,0
BRF:25
BRH:0
end_of_record
